build/app/outputs/mapping/release/mapping.txt
# compiler: R8
# compiler_version: 1.5.64
# min_api: 23
# pg_map_id: f5ad7a6
...
com.google.firebase.components.ComponentFactory -> com.google.firebase.components.g:
    java.lang.Object create(com.google.firebase.components.ComponentContainer) -> a
com.google.firebase.components.ComponentRegistrar -> com.google.firebase.components.h:
com.google.firebase.components.ComponentRuntime -> com.google.firebase.components.l:
    com.google.firebase.inject.Provider EMPTY_PROVIDER -> e
    java.util.Map components -> a
    com.google.firebase.components.EventBus eventBus -> d
    java.util.Map lazyInstanceMap -> b
    java.util.Map lazySetMap -> c
    java.lang.Object get(java.lang.Class) -> a
    void initializeEagerComponents(boolean) -> a
    java.lang.Object lambda$new$0(com.google.firebase.components.ComponentRuntime,com.google.firebase.components.Component) -> a
    java.util.Set lambda$processSetComponents$1(java.util.Set) -> a
    void processInstanceComponents() -> a
    com.google.firebase.inject.Provider getProvider(java.lang.Class) -> b
    void processSetComponents() -> b
    java.util.Set setOf(java.lang.Class) -> c
    void validateDependencies() -> c
    com.google.firebase.inject.Provider setOfProvider(java.lang.Class) -> d
com.google.firebase.components.ComponentRuntime$$Lambda$1 -> com.google.firebase.components.i:
    com.google.firebase.components.Component arg$2 -> b
    com.google.firebase.components.ComponentRuntime arg$1 -> a
    com.google.firebase.inject.Provider lambdaFactory$(com.google.firebase.components.ComponentRuntime,com.google.firebase.components.Component) -> a
com.google.firebase.components.ComponentRuntime$$Lambda$4 -> com.google.firebase.components.j:
    java.util.Set arg$1 -> a
    com.google.firebase.inject.Provider lambdaFactory$(java.util.Set) -> a
com.google.firebase.components.ComponentRuntime$$Lambda$5 -> com.google.firebase.components.k:
    com.google.firebase.components.ComponentRuntime$$Lambda$5 instance -> a
    com.google.firebase.inject.Provider lambdaFactory$() -> a
com.google.firebase.components.CycleDetector -> com.google.firebase.components.m:
    void detect(java.util.List) -> a
    java.util.Set getRoots(java.util.Set) -> a
    java.util.Set toGraph(java.util.List) -> b
com.google.firebase.components.CycleDetector$1 -> com.google.firebase.components.m$a:
com.google.firebase.components.CycleDetector$ComponentNode -> com.google.firebase.components.m$b:
    java.util.Set dependents -> c
    com.google.firebase.components.Component component -> a
    java.util.Set dependencies -> b
    void addDependency(com.google.firebase.components.CycleDetector$ComponentNode) -> a
    com.google.firebase.components.Component getComponent() -> a
    void addDependent(com.google.firebase.components.CycleDetector$ComponentNode) -> b
    java.util.Set getDependencies() -> b
    boolean isLeaf() -> c
    void removeDependent(com.google.firebase.components.CycleDetector$ComponentNode) -> c
    boolean isRoot() -> d
com.google.firebase.components.CycleDetector$Dep -> com.google.firebase.components.m$c:
    java.lang.Class anInterface -> a
    boolean set -> b
    boolean access$100(com.google.firebase.components.CycleDetector$Dep) -> a
com.google.firebase.components.Dependency -> com.google.firebase.components.n:
    int type -> b
    java.lang.Class anInterface -> a
    int injection -> c
    java.lang.Class getInterface() -> a
    com.google.firebase.components.Dependency optional(java.lang.Class) -> a
    boolean isDirectInjection() -> b
    com.google.firebase.components.Dependency optionalProvider(java.lang.Class) -> b
    boolean isRequired() -> c
    com.google.firebase.components.Dependency required(java.lang.Class) -> c
    boolean isSet() -> d
    com.google.firebase.components.Dependency setOf(java.lang.Class) -> d
com.google.firebase.components.DependencyCycleException -> com.google.firebase.components.o:
com.google.firebase.components.DependencyException -> com.google.firebase.components.p: